# JRE version: OpenJDK Runtime Environment (8.0_162-b12) (build 1.8.0_162-8u162-b12-0ubuntu0.17.10.2-b12)
# Java VM: OpenJDK 64-Bit Server VM (25.162-b12 mixed mode linux-amd64 compressed oops)
Heap:
 PSYoungGen      total 1031168K, used 10187K [0x000000076d000000, 0x00000007ad100000, 0x00000007c0000000)
  eden space 1020928K, 0% used [0x000000076d000000,0x000000076d000000,0x00000007ab500000)
  from space 10240K, 99% used [0x00000007ab500000,0x00000007abef2e18,0x00000007abf00000)
  to   space 10240K, 0% used [0x00000007abf00000,0x00000007abf00000,0x00000007ac900000)
 ParOldGen       total 174080K, used 29944K [0x00000006c7000000, 0x00000006d1a00000, 0x000000076d000000)
  object space 174080K, 17% used [0x00000006c7000000,0x00000006c8d3e288,0x00000006d1a00000)
 Metaspace       used 46051K, capacity 46556K, committed 47064K, reserved 1091584K
  class space    used 5634K, capacity 5782K, committed 5888K, reserved 1048576K
GC Heap History (10 events):
Event: 17.120 GC heap after
Heap after GC invocations=16 (full 1):
 PSYoungGen      total 700416K, used 6129K [0x000000076d000000, 0x00000007a4800000, 0x00000007c0000000)
  eden space 694272K, 0% used [0x000000076d000000,0x000000076d000000,0x0000000797600000)
  from space 6144K, 99% used [0x0000000797600000,0x0000000797bfc598,0x0000000797c00000)
  to   space 8192K, 0% used [0x00000007a4000000,0x00000007a4000000,0x00000007a4800000)
 ParOldGen       total 104448K, used 14196K [0x00000006c7000000, 0x00000006cd600000, 0x000000076d000000)
  object space 104448K, 13% used [0x00000006c7000000,0x00000006c7ddd338,0x00000006cd600000)
 Metaspace       used 31764K, capacity 32246K, committed 32512K, reserved 1077248K
  class space    used 3921K, capacity 4051K, committed 4096K, reserved 1048576K
}
Event: 20.179 GC heap before
{Heap before GC invocations=17 (full 1):
 PSYoungGen      total 700416K, used 536826K [0x000000076d000000, 0x00000007a4800000, 0x00000007c0000000)
  eden space 694272K, 76% used [0x000000076d000000,0x000000078d6422e8,0x0000000797600000)
  from space 6144K, 99% used [0x0000000797600000,0x0000000797bfc598,0x0000000797c00000)
  to   space 8192K, 0% used [0x00000007a4000000,0x00000007a4000000,0x00000007a4800000)
 ParOldGen       total 104448K, used 14196K [0x00000006c7000000, 0x00000006cd600000, 0x000000076d000000)
  object space 104448K, 13% used [0x00000006c7000000,0x00000006c7ddd338,0x00000006cd600000)
 Metaspace       used 34792K, capacity 35224K, committed 35416K, reserved 1081344K
  class space    used 4283K, capacity 4414K, committed 4480K, reserved 1048576K
Event: 20.206 GC heap after
Heap after GC invocations=17 (full 1):
 PSYoungGen      total 887296K, used 4727K [0x000000076d000000, 0x00000007a4500000, 0x00000007c0000000)
  eden space 882176K, 0% used [0x000000076d000000,0x000000076d000000,0x00000007a2d80000)
  from space 5120K, 92% used [0x00000007a4000000,0x00000007a449de68,0x00000007a4500000)
  to   space 8192K, 0% used [0x00000007a3500000,0x00000007a3500000,0x00000007a3d00000)
 ParOldGen       total 104448K, used 19288K [0x00000006c7000000, 0x00000006cd600000, 0x000000076d000000)
  object space 104448K, 18% used [0x00000006c7000000,0x00000006c82d6348,0x00000006cd600000)
 Metaspace       used 34792K, capacity 35224K, committed 35416K, reserved 1081344K
  class space    used 4283K, capacity 4414K, committed 4480K, reserved 1048576K
}
Event: 20.206 GC heap before
{Heap before GC invocations=18 (full 2):
 PSYoungGen      total 887296K, used 4727K [0x000000076d000000, 0x00000007a4500000, 0x00000007c0000000)
  eden space 882176K, 0% used [0x000000076d000000,0x000000076d000000,0x00000007a2d80000)
  from space 5120K, 92% used [0x00000007a4000000,0x00000007a449de68,0x00000007a4500000)
  to   space 8192K, 0% used [0x00000007a3500000,0x00000007a3500000,0x00000007a3d00000)
 ParOldGen       total 104448K, used 19288K [0x00000006c7000000, 0x00000006cd600000, 0x000000076d000000)
  object space 104448K, 18% used [0x00000006c7000000,0x00000006c82d6348,0x00000006cd600000)
 Metaspace       used 34792K, capacity 35224K, committed 35416K, reserved 1081344K
  class space    used 4283K, capacity 4414K, committed 4480K, reserved 1048576K
Event: 20.452 GC heap after
Heap after GC invocations=18 (full 2):
 PSYoungGen      total 887296K, used 0K [0x000000076d000000, 0x00000007a4500000, 0x00000007c0000000)
  eden space 882176K, 0% used [0x000000076d000000,0x000000076d000000,0x00000007a2d80000)
  from space 5120K, 0% used [0x00000007a4000000,0x00000007a4000000,0x00000007a4500000)
  to   space 8192K, 0% used [0x00000007a3500000,0x00000007a3500000,0x00000007a3d00000)
 ParOldGen       total 174080K, used 18449K [0x00000006c7000000, 0x00000006d1a00000, 0x000000076d000000)
  object space 174080K, 10% used [0x00000006c7000000,0x00000006c82044c0,0x00000006d1a00000)
 Metaspace       used 34792K, capacity 35224K, committed 35416K, reserved 1081344K
  class space    used 4283K, capacity 4414K, committed 4480K, reserved 1048576K
}
Event: 26.844 GC heap before
{Heap before GC invocations=19 (full 2):
 PSYoungGen      total 887296K, used 882176K [0x000000076d000000, 0x00000007a4500000, 0x00000007c0000000)
  eden space 882176K, 100% used [0x000000076d000000,0x00000007a2d80000,0x00000007a2d80000)
  from space 5120K, 0% used [0x00000007a4000000,0x00000007a4000000,0x00000007a4500000)
  to   space 8192K, 0% used [0x00000007a3500000,0x00000007a3500000,0x00000007a3d00000)
 ParOldGen       total 174080K, used 18449K [0x00000006c7000000, 0x00000006d1a00000, 0x000000076d000000)
  object space 174080K, 10% used [0x00000006c7000000,0x00000006c82044c0,0x00000006d1a00000)
 Metaspace       used 41052K, capacity 41532K, committed 41944K, reserved 1085440K
  class space    used 4952K, capacity 5100K, committed 5120K, reserved 1048576K
Event: 26.883 GC heap after
Heap after GC invocations=19 (full 2):
 PSYoungGen      total 898048K, used 8185K [0x000000076d000000, 0x00000007ac900000, 0x00000007c0000000)
  eden space 889856K, 0% used [0x000000076d000000,0x000000076d000000,0x00000007a3500000)
  from space 8192K, 99% used [0x00000007a3500000,0x00000007a3cfe660,0x00000007a3d00000)
  to   space 10240K, 0% used [0x00000007abf00000,0x00000007abf00000,0x00000007ac900000)
 ParOldGen       total 174080K, used 21859K [0x00000006c7000000, 0x00000006d1a00000, 0x000000076d000000)
  object space 174080K, 12% used [0x00000006c7000000,0x00000006c8558d00,0x00000006d1a00000)
 Metaspace       used 41052K, capacity 41532K, committed 41944K, reserved 1085440K
  class space    used 4952K, capacity 5100K, committed 5120K, reserved 1048576K
}
Event: 31.522 GC heap before
{Heap before GC invocations=20 (full 2):
 PSYoungGen      total 898048K, used 898041K [0x000000076d000000, 0x00000007ac900000, 0x00000007c0000000)
  eden space 889856K, 100% used [0x000000076d000000,0x00000007a3500000,0x00000007a3500000)
  from space 8192K, 99% used [0x00000007a3500000,0x00000007a3cfe660,0x00000007a3d00000)
  to   space 10240K, 0% used [0x00000007abf00000,0x00000007abf00000,0x00000007ac900000)
 ParOldGen       total 174080K, used 21859K [0x00000006c7000000, 0x00000006d1a00000, 0x000000076d000000)
  object space 174080K, 12% used [0x00000006c7000000,0x00000006c8558d00,0x00000006d1a00000)
 Metaspace       used 44022K, capacity 44550K, committed 45016K, reserved 1089536K
  class space    used 5382K, capacity 5523K, committed 5632K, reserved 1048576K
Event: 31.573 GC heap after
Heap after GC invocations=20 (full 2):
 PSYoungGen      total 1031168K, used 5670K [0x000000076d000000, 0x00000007ad100000, 0x00000007c0000000)
  eden space 1020928K, 0% used [0x000000076d000000,0x000000076d000000,0x00000007ab500000)
  from space 10240K, 55% used [0x00000007abf00000,0x00000007ac489a20,0x00000007ac900000)
  to   space 10240K, 0% used [0x00000007ab500000,0x00000007ab500000,0x00000007abf00000)
 ParOldGen       total 174080K, used 29936K [0x00000006c7000000, 0x00000006d1a00000, 0x000000076d000000)
  object space 174080K, 17% used [0x00000006c7000000,0x00000006c8d3c288,0x00000006d1a00000)
 Metaspace       used 44022K, capacity 44550K, committed 45016K, reserved 1089536K
  class space    used 5382K, capacity 5523K, committed 5632K, reserved 1048576K
}
Event: 37.345 GC heap before
{Heap before GC invocations=21 (full 2):
 PSYoungGen      total 1031168K, used 1026598K [0x000000076d000000, 0x00000007ad100000, 0x00000007c0000000)
  eden space 1020928K, 100% used [0x000000076d000000,0x00000007ab500000,0x00000007ab500000)
  from space 10240K, 55% used [0x00000007abf00000,0x00000007ac489a20,0x00000007ac900000)
  to   space 10240K, 0% used [0x00000007ab500000,0x00000007ab500000,0x00000007abf00000)
 ParOldGen       total 174080K, used 29936K [0x00000006c7000000, 0x00000006d1a00000, 0x000000076d000000)
  object space 174080K, 17% used [0x00000006c7000000,0x00000006c8d3c288,0x00000006d1a00000)
 Metaspace       used 46051K, capacity 46556K, committed 47064K, reserved 1091584K
  class space    used 5634K, capacity 5782K, committed 5888K, reserved 1048576K

